0 info it worked if it ends with ok
1 verbose cli [ '/Users/n0bisuke/.nodebrew/node/v6.3.1/bin/node',
1 verbose cli   '/Users/n0bisuke/.nodebrew/current/bin/npm',
1 verbose cli   'start' ]
2 info using npm@3.10.3
3 info using node@v6.3.1
4 verbose run-script [ 'prestart', 'start', 'poststart' ]
5 info lifecycle ds-bot@1.0.0~prestart: ds-bot@1.0.0
6 silly lifecycle ds-bot@1.0.0~prestart: no script for prestart, continuing
7 info lifecycle ds-bot@1.0.0~start: ds-bot@1.0.0
8 verbose lifecycle ds-bot@1.0.0~start: unsafe-perm in lifecycle true
9 verbose lifecycle ds-bot@1.0.0~start: PATH: /Users/n0bisuke/.nodebrew/node/v6.3.1/lib/node_modules/npm/bin/node-gyp-bin:/Users/n0bisuke/dotstudio/botstudio/node_modules/.bin:/Users/n0bisuke/.nodebrew/node/v6.3.1/bin:/Users/n0bisuke/.gvm/bin:/Users/n0bisuke/.nodebrew/current/bin:/usr/local/bin:/usr/bin:/bin:/usr/sbin:/sbin:/usr/local/go/bin
10 verbose lifecycle ds-bot@1.0.0~start: CWD: /Users/n0bisuke/dotstudio/botstudio
11 silly lifecycle ds-bot@1.0.0~start: Args: [ '-c',
11 silly lifecycle   'git add -A && git commit -m \'debug deploy\' && git push origin master' ]
12 silly lifecycle ds-bot@1.0.0~start: Returned: code: 1  signal: null
13 info lifecycle ds-bot@1.0.0~start: Failed to exec start script
14 verbose stack Error: ds-bot@1.0.0 start: `git add -A && git commit -m 'debug deploy' && git push origin master`
14 verbose stack Exit status 1
14 verbose stack     at EventEmitter.<anonymous> (/Users/n0bisuke/.nodebrew/node/v6.3.1/lib/node_modules/npm/lib/utils/lifecycle.js:242:16)
14 verbose stack     at emitTwo (events.js:106:13)
14 verbose stack     at EventEmitter.emit (events.js:191:7)
14 verbose stack     at ChildProcess.<anonymous> (/Users/n0bisuke/.nodebrew/node/v6.3.1/lib/node_modules/npm/lib/utils/spawn.js:40:14)
14 verbose stack     at emitTwo (events.js:106:13)
14 verbose stack     at ChildProcess.emit (events.js:191:7)
14 verbose stack     at maybeClose (internal/child_process.js:852:16)
14 verbose stack     at Process.ChildProcess._handle.onexit (internal/child_process.js:215:5)
15 verbose pkgid ds-bot@1.0.0
16 verbose cwd /Users/n0bisuke/dotstudio/botstudio
17 error Darwin 15.6.0
18 error argv "/Users/n0bisuke/.nodebrew/node/v6.3.1/bin/node" "/Users/n0bisuke/.nodebrew/current/bin/npm" "start"
19 error node v6.3.1
20 error npm  v3.10.3
21 error code ELIFECYCLE
22 error ds-bot@1.0.0 start: `git add -A && git commit -m 'debug deploy' && git push origin master`
22 error Exit status 1
23 error Failed at the ds-bot@1.0.0 start script 'git add -A && git commit -m 'debug deploy' && git push origin master'.
23 error Make sure you have the latest version of node.js and npm installed.
23 error If you do, this is most likely a problem with the ds-bot package,
23 error not with npm itself.
23 error Tell the author that this fails on your system:
23 error     git add -A && git commit -m 'debug deploy' && git push origin master
23 error You can get information on how to open an issue for this project with:
23 error     npm bugs ds-bot
23 error Or if that isn't available, you can get their info via:
23 error     npm owner ls ds-bot
23 error There is likely additional logging output above.
24 verbose exit [ 1, true ]
